<?xml version="1.0" encoding="UTF-8"?>
<testng-results ignored="0" total="5" passed="5" failed="0" skipped="0">
  <reporter-output>
  </reporter-output>
  <suite started-at="2021-03-12T13:00:29 IST" name="Default suite" finished-at="2021-03-12T13:01:01 IST" duration-ms="31668">
    <groups>
    </groups>
    <test started-at="2021-03-12T13:00:29 IST" name="Default test" finished-at="2021-03-12T13:01:01 IST" duration-ms="31668">
      <class name="com.zestmoney.qa.testcases.PriceComparisionTest">
        <test-method is-config="true" signature="setUp()[pri:0, instance:com.zestmoney.qa.testcases.PriceComparisionTest@7714e963]" started-at="2021-03-12T13:00:29 IST" name="setUp" finished-at="2021-03-12T13:00:32 IST" duration-ms="2830" status="PASS">
          <reporter-output>
          </reporter-output>
        </test-method> <!-- setUp -->
        <test-method signature="amazonLoginPageTitleTest()[pri:1, instance:com.zestmoney.qa.testcases.PriceComparisionTest@7714e963]" started-at="2021-03-12T13:00:32 IST" name="amazonLoginPageTitleTest" finished-at="2021-03-12T13:00:35 IST" duration-ms="2710" status="PASS">
          <reporter-output>
          </reporter-output>
        </test-method> <!-- amazonLoginPageTitleTest -->
        <test-method is-config="true" signature="tearDown()[pri:0, instance:com.zestmoney.qa.testcases.PriceComparisionTest@7714e963]" started-at="2021-03-12T13:00:35 IST" name="tearDown" finished-at="2021-03-12T13:00:35 IST" duration-ms="197" status="PASS">
          <reporter-output>
          </reporter-output>
        </test-method> <!-- tearDown -->
        <test-method is-config="true" signature="setUp()[pri:0, instance:com.zestmoney.qa.testcases.PriceComparisionTest@7714e963]" started-at="2021-03-12T13:00:35 IST" name="setUp" finished-at="2021-03-12T13:00:37 IST" duration-ms="1907" status="PASS">
          <reporter-output>
          </reporter-output>
        </test-method> <!-- setUp -->
        <test-method signature="amazonSelectProductTest()[pri:2, instance:com.zestmoney.qa.testcases.PriceComparisionTest@7714e963]" started-at="2021-03-12T13:00:37 IST" name="amazonSelectProductTest" finished-at="2021-03-12T13:00:46 IST" duration-ms="8792" status="PASS">
          <reporter-output>
          </reporter-output>
        </test-method> <!-- amazonSelectProductTest -->
        <test-method is-config="true" signature="tearDown()[pri:0, instance:com.zestmoney.qa.testcases.PriceComparisionTest@7714e963]" started-at="2021-03-12T13:00:46 IST" name="tearDown" finished-at="2021-03-12T13:00:46 IST" duration-ms="342" status="PASS">
          <reporter-output>
          </reporter-output>
        </test-method> <!-- tearDown -->
        <test-method is-config="true" signature="setUp()[pri:0, instance:com.zestmoney.qa.testcases.PriceComparisionTest@7714e963]" started-at="2021-03-12T13:00:46 IST" name="setUp" finished-at="2021-03-12T13:00:48 IST" duration-ms="2009" status="PASS">
          <reporter-output>
          </reporter-output>
        </test-method> <!-- setUp -->
        <test-method signature="flipkartLoginPageTitleTest()[pri:3, instance:com.zestmoney.qa.testcases.PriceComparisionTest@7714e963]" started-at="2021-03-12T13:00:48 IST" name="flipkartLoginPageTitleTest" finished-at="2021-03-12T13:00:50 IST" duration-ms="2288" status="PASS">
          <reporter-output>
          </reporter-output>
        </test-method> <!-- flipkartLoginPageTitleTest -->
        <test-method is-config="true" signature="tearDown()[pri:0, instance:com.zestmoney.qa.testcases.PriceComparisionTest@7714e963]" started-at="2021-03-12T13:00:50 IST" name="tearDown" finished-at="2021-03-12T13:00:51 IST" duration-ms="284" status="PASS">
          <reporter-output>
          </reporter-output>
        </test-method> <!-- tearDown -->
        <test-method is-config="true" signature="setUp()[pri:0, instance:com.zestmoney.qa.testcases.PriceComparisionTest@7714e963]" started-at="2021-03-12T13:00:51 IST" name="setUp" finished-at="2021-03-12T13:00:52 IST" duration-ms="1842" status="PASS">
          <reporter-output>
          </reporter-output>
        </test-method> <!-- setUp -->
        <test-method signature="flipkartSelectProductTest()[pri:4, instance:com.zestmoney.qa.testcases.PriceComparisionTest@7714e963]" started-at="2021-03-12T13:00:52 IST" name="flipkartSelectProductTest" finished-at="2021-03-12T13:00:59 IST" duration-ms="6252" status="PASS">
          <reporter-output>
          </reporter-output>
        </test-method> <!-- flipkartSelectProductTest -->
        <test-method is-config="true" signature="tearDown()[pri:0, instance:com.zestmoney.qa.testcases.PriceComparisionTest@7714e963]" started-at="2021-03-12T13:00:59 IST" name="tearDown" finished-at="2021-03-12T13:00:59 IST" duration-ms="222" status="PASS">
          <reporter-output>
          </reporter-output>
        </test-method> <!-- tearDown -->
        <test-method is-config="true" signature="setUp()[pri:0, instance:com.zestmoney.qa.testcases.PriceComparisionTest@7714e963]" started-at="2021-03-12T13:00:59 IST" name="setUp" finished-at="2021-03-12T13:01:01 IST" duration-ms="1767" status="PASS">
          <reporter-output>
          </reporter-output>
        </test-method> <!-- setUp -->
        <test-method signature="comparePriceTest()[pri:5, instance:com.zestmoney.qa.testcases.PriceComparisionTest@7714e963]" started-at="2021-03-12T13:01:01 IST" name="comparePriceTest" finished-at="2021-03-12T13:01:01 IST" duration-ms="2" status="PASS">
          <reporter-output>
          </reporter-output>
        </test-method> <!-- comparePriceTest -->
        <test-method is-config="true" signature="tearDown()[pri:0, instance:com.zestmoney.qa.testcases.PriceComparisionTest@7714e963]" started-at="2021-03-12T13:01:01 IST" name="tearDown" finished-at="2021-03-12T13:01:01 IST" duration-ms="168" status="PASS">
          <reporter-output>
          </reporter-output>
        </test-method> <!-- tearDown -->
      </class> <!-- com.zestmoney.qa.testcases.PriceComparisionTest -->
    </test> <!-- Default test -->
  </suite> <!-- Default suite -->
</testng-results>
