<?xml version="1.0" encoding="UTF-8"?>
<!-- Generated by org.testng.reporters.JUnitXMLReporter -->
<testsuite ignored="0" hostname="Pruthwirajs-MacBook-Air.local" failures="0" tests="5" name="Default test" time="31.668" errors="0" timestamp="2021-03-12T13:01:01 IST">
  <testcase classname="com.zestmoney.qa.testcases.PriceComparisionTest" name="amazonLoginPageTitleTest" time="2.71"/>
  <testcase classname="com.zestmoney.qa.testcases.PriceComparisionTest" name="amazonSelectProductTest" time="8.792"/>
  <testcase classname="com.zestmoney.qa.testcases.PriceComparisionTest" name="flipkartLoginPageTitleTest" time="2.288"/>
  <testcase classname="com.zestmoney.qa.testcases.PriceComparisionTest" name="flipkartSelectProductTest" time="6.252"/>
  <testcase classname="com.zestmoney.qa.testcases.PriceComparisionTest" name="comparePriceTest" time="0.002"/>
</testsuite> <!-- Default test -->
